<?xml version="1.0" encoding="UTF-8"?>
<Site BuildName="(empty)"
	BuildStamp="20221017-2324-Experimental"
	Name="(empty)"
	Generator="ctest-3.23.2"
	CompilerName=""
	CompilerVersion=""
	OSName="Windows"
	Hostname="Mark-Desktop"
	OSRelease=" Personal"
	OSVersion=" (Build 19044)"
	OSPlatform="AMD64"
	Is64Bits="1"
	VendorString="AuthenticAMD"
	VendorID="Advanced Micro Devices"
	FamilyID="15"
	ModelID="8"
	ProcessorCacheSize="96"
	NumberOfLogicalCPU="16"
	NumberOfPhysicalCPU="8"
	TotalVirtualMemory="37579"
	TotalPhysicalMemory="32715"
	LogicalProcessorsPerPhysical="2"
	ProcessorClockFrequency="3693"
	>
	<Testing>
		<StartDateTime>Oct 17 20:24 Atlantic Daylight Time</StartDateTime>
		<StartTestTime>1666049066</StartTestTime>
		<TestList>
			<Test>./test/cqueue_test</Test>
		</TestList>
		<Test Status="passed">
			<Name>cqueue_test</Name>
			<Path>./test</Path>
			<FullName>./test/cqueue_test</FullName>
			<FullCommandLine>C:\Users\mark\OneDrive\Documents\Programming\GitRepos\CircularQueue_GTest\build\test\cqueue_test.exe</FullCommandLine>
			<Results>
				<NamedMeasurement type="numeric/double" name="Execution Time">
					<Value>0.0249803</Value>
				</NamedMeasurement>
				<NamedMeasurement type="numeric/double" name="Processors">
					<Value>1</Value>
				</NamedMeasurement>
				<NamedMeasurement type="text/string" name="Completion Status">
					<Value>Completed</Value>
				</NamedMeasurement>
				<NamedMeasurement type="text/string" name="Command Line">
					<Value>C:\Users\mark\OneDrive\Documents\Programming\GitRepos\CircularQueue_GTest\build\test\cqueue_test.exe</Value>
				</NamedMeasurement>
				<NamedMeasurement type="text/string" name="Environment">
					<Value>#CTEST_RESOURCE_GROUP_COUNT=</Value>
				</NamedMeasurement>
				<Measurement>
					<Value encoding="base64" compression="gzip">eJydk01PwkAQhu/9FXOEA7tgvGjiSRIOJqINnAhpynZoN+xH3Q9Qf727rRJFxdY5ze7M876TSSb1SnFVgsy5Ggxha7SE22u6tGgslbnZ0bnCqeF7pFPNvETlLH0wujS5lAGkM+5SrLWlt9wwL3Lz6NFjNlugdbTUuhToTlJrGC1jlkVXwliyujnGGtL3ka4g9th2pknzAOu5Q5KsRsdYw0zoTS7aOqo9N1rFMcGiG/n6pPmLKHtqZo0/yQrS5T00sf5cIFyFXbhMK8xQYFTOclVkrEK2yyx/xYC2Mb/ri8JgDNIOe5vXiLvethHqaugO+oO13R1/pP5t2WPDZ9g/7fUezZYL0dnzF6Cf0fl9fmvtJ15gU+miTwhJFhWCidejt+BC3lyS9q72Dg65DTUZgAIsVwyBhyt7ZoiFbZurgFZaFJGejC8uYfMSBEjyBhI+fhg=</Value>
				</Measurement>
			</Results>
		</Test>
		<EndDateTime>Oct 17 20:24 Atlantic Daylight Time</EndDateTime>
		<EndTestTime>1666049066</EndTestTime>
		<ElapsedMinutes>0</ElapsedMinutes>
	</Testing>
</Site>
