<?xml version="1.0" encoding="UTF-8"?>
<Site BuildName="(empty)"
	BuildStamp="20221018-0218-Experimental"
	Name="(empty)"
	Generator="ctest-3.25.0-rc1"
	CompilerName=""
	CompilerVersion=""
	OSName="Windows"
	Hostname="Marks-Laptop"
	OSRelease=" Personal"
	OSVersion=" (Build 22000)"
	OSPlatform="AMD64"
	Is64Bits="1"
	VendorString="GenuineIntel"
	VendorID="Intel Corporation"
	FamilyID="6"
	ModelID="14"
	ProcessorCacheSize="-1"
	NumberOfLogicalCPU="8"
	NumberOfPhysicalCPU="4"
	TotalVirtualMemory="9332"
	TotalPhysicalMemory="8052"
	LogicalProcessorsPerPhysical="2"
	ProcessorClockFrequency="1800"
	>
	<Testing>
		<StartDateTime>Oct 17 23:18 Atlantic Daylight Time</StartDateTime>
		<StartTestTime>1666059521</StartTestTime>
		<TestList>
			<Test>./test/cqueue_test</Test>
		</TestList>
		<Test Status="passed">
			<Name>cqueue_test</Name>
			<Path>./test</Path>
			<FullName>./test/cqueue_test</FullName>
			<FullCommandLine>C:\Users\marku\OneDrive\Documents\Programming\GitRepos\CircularQueue_with_GoogleTest\build\test\cqueue_test.exe</FullCommandLine>
			<Results>
				<NamedMeasurement type="numeric/double" name="Execution Time">
					<Value>0.0779278</Value>
				</NamedMeasurement>
				<NamedMeasurement type="numeric/double" name="Processors">
					<Value>1</Value>
				</NamedMeasurement>
				<NamedMeasurement type="text/string" name="Completion Status">
					<Value>Completed</Value>
				</NamedMeasurement>
				<NamedMeasurement type="text/string" name="Command Line">
					<Value>C:\Users\marku\OneDrive\Documents\Programming\GitRepos\CircularQueue_with_GoogleTest\build\test\cqueue_test.exe</Value>
				</NamedMeasurement>
				<NamedMeasurement type="text/string" name="Environment">
					<Value>#CTEST_RESOURCE_GROUP_COUNT=</Value>
				</NamedMeasurement>
				<Measurement>
					<Value encoding="base64" compression="gzip">eJydU01PAjEQvfMr5ggHtmC8aOIJEg4mohs4kc2mdIfdhm27dlpQf73bXSWKgqzvNO3M+8gkE3utpc5Bcan7A9hYo2Byy5aElpjiduvZXOPUyh2yqRFeoXbEHq3JLVeqZrKZdDFWhthEWuFLbp88ekz30hXpzJi8xAWSY3lTuqOSrGB5qNIQIBKit7o7IIH4I90NhBlq442bB5CXDqPeanhAArPSrHnZ9lHvpDU6BAZCN/TV0fA3UfHcpA4/vRXEywdokHxtRFLXa3Gp0ZhiiUE55TpLRYFim5J8w5raYn7flQr9ESgadDavELedbQPpUkO3N59cutzxV9a/LTts+Az3T3uzQ7uRZXmx5wlCN6Pz+/wx2k08w6ZzWj+qr2JRSIKKWwdmA67A9oCMd5V3sOcEFlWtmgFJLRBkfVwvAjGjdriwSIUps8Aej66uYf1aC0RJ7x0HRX+V====</Value>
				</Measurement>
			</Results>
		</Test>
		<EndDateTime>Oct 17 23:18 Atlantic Daylight Time</EndDateTime>
		<EndTestTime>1666059521</EndTestTime>
		<ElapsedMinutes>0</ElapsedMinutes>
	</Testing>
</Site>
